DEBUG - 2026-04-28 06:32:32 --> Session: Class initialized using 'CodeIgniter\Session\Handlers\FileHandler' driver.
DEBUG - 2026-04-28 06:32:38 --> Session: Class initialized using 'CodeIgniter\Session\Handlers\FileHandler' driver.
INFO - 2026-04-28 06:41:08 --> CSRF token verified.
INFO - 2026-04-28 06:42:40 --> CSRF token verified.
INFO - 2026-04-28 06:44:39 --> CSRF token verified.
INFO - 2026-04-28 06:45:16 --> CSRF token verified.
CRITICAL - 2026-04-28 06:45:16 --> ErrorException: Undefined variable $paswd
[Method: POST, Route: login-auth]
in APPPATH\Controllers\login.php on line 34.
 1 APPPATH\Controllers\login.php(34): CodeIgniter\Debug\Exceptions->errorHandler(2, 'Undefined variable $paswd', 'C:\\xampp\\htdocs\\projectpwl\\app\\Controllers\\login.php', 34)
 2 SYSTEMPATH\CodeIgniter.php(951): App\Controllers\Login->auth()
 3 SYSTEMPATH\CodeIgniter.php(497): CodeIgniter\CodeIgniter->runController(Object(App\Controllers\Login))
 4 SYSTEMPATH\CodeIgniter.php(340): CodeIgniter\CodeIgniter->handleRequest(null, Object(Config\Cache), false)
 5 SYSTEMPATH\Boot.php(417): CodeIgniter\CodeIgniter->run()
 6 SYSTEMPATH\Boot.php(68): CodeIgniter\Boot::runCodeIgniter(Object(CodeIgniter\CodeIgniter))
 7 FCPATH\index.php(59): CodeIgniter\Boot::bootWeb(Object(Config\Paths))
 8 SYSTEMPATH\rewrite.php(44): require_once('C:\\xampp\\htdocs\\projectpwl\\public\\index.php')
INFO - 2026-04-28 06:46:15 --> CSRF token verified.
CRITICAL - 2026-04-28 06:46:15 --> ErrorException: Undefined variable $paswd
[Method: POST, Route: login-auth]
in APPPATH\Controllers\login.php on line 34.
 1 APPPATH\Controllers\login.php(34): CodeIgniter\Debug\Exceptions->errorHandler(2, 'Undefined variable $paswd', 'C:\\xampp\\htdocs\\projectpwl\\app\\Controllers\\login.php', 34)
 2 SYSTEMPATH\CodeIgniter.php(951): App\Controllers\Login->auth()
 3 SYSTEMPATH\CodeIgniter.php(497): CodeIgniter\CodeIgniter->runController(Object(App\Controllers\Login))
 4 SYSTEMPATH\CodeIgniter.php(340): CodeIgniter\CodeIgniter->handleRequest(null, Object(Config\Cache), false)
 5 SYSTEMPATH\Boot.php(417): CodeIgniter\CodeIgniter->run()
 6 SYSTEMPATH\Boot.php(68): CodeIgniter\Boot::runCodeIgniter(Object(CodeIgniter\CodeIgniter))
 7 FCPATH\index.php(59): CodeIgniter\Boot::bootWeb(Object(Config\Paths))
 8 SYSTEMPATH\rewrite.php(44): require_once('C:\\xampp\\htdocs\\projectpwl\\public\\index.php')
INFO - 2026-04-28 06:54:17 --> CSRF token verified.
CRITICAL - 2026-04-28 06:54:17 --> ErrorException: Undefined variable $paswd
[Method: POST, Route: login-auth]
in APPPATH\Controllers\login.php on line 34.
 1 APPPATH\Controllers\login.php(34): CodeIgniter\Debug\Exceptions->errorHandler(2, 'Undefined variable $paswd', 'C:\\xampp\\htdocs\\projectpwl\\app\\Controllers\\login.php', 34)
 2 SYSTEMPATH\CodeIgniter.php(951): App\Controllers\Login->auth()
 3 SYSTEMPATH\CodeIgniter.php(497): CodeIgniter\CodeIgniter->runController(Object(App\Controllers\Login))
 4 SYSTEMPATH\CodeIgniter.php(340): CodeIgniter\CodeIgniter->handleRequest(null, Object(Config\Cache), false)
 5 SYSTEMPATH\Boot.php(417): CodeIgniter\CodeIgniter->run()
 6 SYSTEMPATH\Boot.php(68): CodeIgniter\Boot::runCodeIgniter(Object(CodeIgniter\CodeIgniter))
 7 FCPATH\index.php(59): CodeIgniter\Boot::bootWeb(Object(Config\Paths))
 8 SYSTEMPATH\rewrite.php(44): require_once('C:\\xampp\\htdocs\\projectpwl\\public\\index.php')
INFO - 2026-04-28 06:55:01 --> CSRF token verified.
CRITICAL - 2026-04-28 06:55:01 --> ErrorException: Undefined variable $paswd
[Method: POST, Route: login-auth]
in APPPATH\Controllers\login.php on line 34.
 1 APPPATH\Controllers\login.php(34): CodeIgniter\Debug\Exceptions->errorHandler(2, 'Undefined variable $paswd', 'C:\\xampp\\htdocs\\projectpwl\\app\\Controllers\\login.php', 34)
 2 SYSTEMPATH\CodeIgniter.php(951): App\Controllers\Login->auth()
 3 SYSTEMPATH\CodeIgniter.php(497): CodeIgniter\CodeIgniter->runController(Object(App\Controllers\Login))
 4 SYSTEMPATH\CodeIgniter.php(340): CodeIgniter\CodeIgniter->handleRequest(null, Object(Config\Cache), false)
 5 SYSTEMPATH\Boot.php(417): CodeIgniter\CodeIgniter->run()
 6 SYSTEMPATH\Boot.php(68): CodeIgniter\Boot::runCodeIgniter(Object(CodeIgniter\CodeIgniter))
 7 FCPATH\index.php(59): CodeIgniter\Boot::bootWeb(Object(Config\Paths))
 8 SYSTEMPATH\rewrite.php(44): require_once('C:\\xampp\\htdocs\\projectpwl\\public\\index.php')
DEBUG - 2026-04-28 06:59:51 --> Session: Class initialized using 'CodeIgniter\Session\Handlers\FileHandler' driver.
DEBUG - 2026-04-28 06:59:59 --> Session: Class initialized using 'CodeIgniter\Session\Handlers\FileHandler' driver.
INFO - 2026-04-28 07:03:34 --> CSRF token verified.
INFO - 2026-04-28 07:03:52 --> CSRF token verified.
DEBUG - 2026-04-28 07:03:52 --> Session: Class initialized using 'CodeIgniter\Session\Handlers\FileHandler' driver.
DEBUG - 2026-04-28 07:03:53 --> Session: Class initialized using 'CodeIgniter\Session\Handlers\FileHandler' driver.
INFO - 2026-04-28 07:04:16 --> CSRF token verified.
DEBUG - 2026-04-28 07:04:16 --> Session: Class initialized using 'CodeIgniter\Session\Handlers\FileHandler' driver.
DEBUG - 2026-04-28 07:04:16 --> Session: Class initialized using 'CodeIgniter\Session\Handlers\FileHandler' driver.
DEBUG - 2026-04-28 07:04:46 --> Session: Class initialized using 'CodeIgniter\Session\Handlers\FileHandler' driver.
INFO - 2026-04-28 07:04:52 --> CSRF token verified.
INFO - 2026-04-28 07:05:01 --> CSRF token verified.
DEBUG - 2026-04-28 07:05:01 --> Session: Class initialized using 'CodeIgniter\Session\Handlers\FileHandler' driver.
DEBUG - 2026-04-28 07:05:01 --> Session: Class initialized using 'CodeIgniter\Session\Handlers\FileHandler' driver.
DEBUG - 2026-04-28 07:12:23 --> Session: Class initialized using 'CodeIgniter\Session\Handlers\FileHandler' driver.
DEBUG - 2026-04-28 08:16:49 --> Session: Class initialized using 'CodeIgniter\Session\Handlers\FileHandler' driver.
DEBUG - 2026-04-28 08:17:39 --> Session: Class initialized using 'CodeIgniter\Session\Handlers\FileHandler' driver.
DEBUG - 2026-04-28 08:18:30 --> Session: Class initialized using 'CodeIgniter\Session\Handlers\FileHandler' driver.
INFO - 2026-04-28 08:20:00 --> CSRF token verified.
DEBUG - 2026-04-28 08:20:00 --> Session: Class initialized using 'CodeIgniter\Session\Handlers\FileHandler' driver.
DEBUG - 2026-04-28 08:20:00 --> Session: Class initialized using 'CodeIgniter\Session\Handlers\FileHandler' driver.
DEBUG - 2026-04-28 08:37:15 --> Session: Class initialized using 'CodeIgniter\Session\Handlers\FileHandler' driver.
DEBUG - 2026-04-28 08:37:19 --> Session: Class initialized using 'CodeIgniter\Session\Handlers\FileHandler' driver.
DEBUG - 2026-04-28 08:37:55 --> Session: Class initialized using 'CodeIgniter\Session\Handlers\FileHandler' driver.
DEBUG - 2026-04-28 08:37:56 --> Session: Class initialized using 'CodeIgniter\Session\Handlers\FileHandler' driver.
DEBUG - 2026-04-28 08:37:57 --> Session: Class initialized using 'CodeIgniter\Session\Handlers\FileHandler' driver.
DEBUG - 2026-04-28 08:37:57 --> Session: Class initialized using 'CodeIgniter\Session\Handlers\FileHandler' driver.
DEBUG - 2026-04-28 08:38:11 --> Session: Class initialized using 'CodeIgniter\Session\Handlers\FileHandler' driver.
DEBUG - 2026-04-28 08:38:12 --> Session: Class initialized using 'CodeIgniter\Session\Handlers\FileHandler' driver.
DEBUG - 2026-04-28 09:16:09 --> Session: Class initialized using 'CodeIgniter\Session\Handlers\FileHandler' driver.
INFO - 2026-04-28 09:16:24 --> CSRF token verified.
DEBUG - 2026-04-28 09:16:24 --> Session: Class initialized using 'CodeIgniter\Session\Handlers\FileHandler' driver.
DEBUG - 2026-04-28 09:16:25 --> Session: Class initialized using 'CodeIgniter\Session\Handlers\FileHandler' driver.
